[13:13:17] [ServerMain/ERROR]: [DirectoryProviderSource] Error loading plugin: Directory 'plugins/via.jar' failed to load!
java.lang.RuntimeException: Directory 'plugins/via.jar' failed to load!
	at io.papermc.paper.plugin.provider.source.FileProviderSource.registerProviders(FileProviderSource.java:59) ~[paper-1.20.2.jar:git-Paper-318]
	at io.papermc.paper.plugin.provider.source.DirectoryProviderSource.lambda$registerProviders$1(DirectoryProviderSource.java:34) ~[paper-1.20.2.jar:git-Paper-318]
	at java.util.stream.ForEachOps$ForEachOp$OfRef.accept(ForEachOps.java:184) ~[?:?]
	at java.util.stream.ReferencePipeline$2$1.accept(ReferencePipeline.java:179) ~[?:?]
	at java.util.stream.ReferencePipeline$3$1.accept(ReferencePipeline.java:197) ~[?:?]
	at java.util.Iterator.forEachRemaining(Iterator.java:133) ~[?:?]
	at java.util.Spliterators$IteratorSpliterator.forEachRemaining(Spliterators.java:1939) ~[?:?]
	at java.util.stream.AbstractPipeline.copyInto(AbstractPipeline.java:509) ~[?:?]
	at java.util.stream.AbstractPipeline.wrapAndCopyInto(AbstractPipeline.java:499) ~[?:?]
	at java.util.stream.ForEachOps$ForEachOp.evaluateSequential(ForEachOps.java:151) ~[?:?]
	at java.util.stream.ForEachOps$ForEachOp$OfRef.evaluateSequential(ForEachOps.java:174) ~[?:?]
	at java.util.stream.AbstractPipeline.evaluate(AbstractPipeline.java:234) ~[?:?]
	at java.util.stream.ReferencePipeline.forEach(ReferencePipeline.java:596) ~[?:?]
	at io.papermc.paper.plugin.provider.source.DirectoryProviderSource.registerProviders(DirectoryProviderSource.java:32) ~[paper-1.20.2.jar:git-Paper-318]
	at io.papermc.paper.plugin.provider.source.DirectoryProviderSource.registerProviders(DirectoryProviderSource.java:14) ~[paper-1.20.2.jar:git-Paper-318]
	at io.papermc.paper.plugin.util.EntrypointUtil.registerProvidersFromSource(EntrypointUtil.java:14) ~[paper-1.20.2.jar:git-Paper-318]
	at io.papermc.paper.plugin.PluginInitializerManager.load(PluginInitializerManager.java:100) ~[paper-1.20.2.jar:git-Paper-318]
	at net.minecraft.server.Main.main(Main.java:134) ~[paper-1.20.2.jar:git-Paper-318]
	at org.bukkit.craftbukkit.Main.main(Main.java:325) ~[paper-1.20.2.jar:git-Paper-318]
	at io.papermc.paperclip.Paperclip.lambda$main$0(Paperclip.java:42) ~[app:?]
	at java.lang.Thread.run(Thread.java:1583) ~[?:?]
Caused by: java.lang.IllegalArgumentException: Directory 'plugins/via.jar' does not contain a paper-plugin.yml or plugin.yml! Could not determine plugin type, cannot load a plugin from it!
	at io.papermc.paper.plugin.provider.source.FileProviderSource.registerProviders(FileProviderSource.java:54) ~[paper-1.20.2.jar:git-Paper-318]
	... 20 more
[13:13:21] [ServerMain/INFO]: Environment: Environment[accountsHost=https://api.mojang.com, sessionHost=https://sessionserver.mojang.com, servicesHost=https://api.minecraftservices.com, name=PROD]
[13:13:23] [ServerMain/INFO]: Loaded 1174 recipes
[13:13:23] [ServerMain/INFO]: Loaded 1271 advancements
[13:13:23] [Server thread/INFO]: Starting minecraft server version 1.20.2
[13:13:23] [Server thread/INFO]: Loading properties
[13:13:23] [Server thread/INFO]: This server is running Paper version git-Paper-318 (MC: 1.20.2) (Implementing API version 1.20.2-R0.1-SNAPSHOT) (Git: 9271ee7)
[13:13:25] [Server thread/INFO]: Server Ping Player Sample Count: 12
[13:13:25] [Server thread/INFO]: Using 4 threads for Netty based IO
[13:13:25] [Server thread/WARN]: [!] The timings profiler has been enabled but has been scheduled for removal from Paper in the future.
    We recommend installing the spark profiler as a replacement: https://spark.lucko.me/
    For more information please visit: https://github.com/PaperMC/Paper/issues/8948
[13:13:25] [Server thread/INFO]: [ChunkTaskScheduler] Chunk system is using 1 I/O threads, 1 worker threads, and gen parallelism of 1 threads
[13:13:25] [Server thread/INFO]: Default game type: SURVIVAL
[13:13:25] [Server thread/INFO]: Generating keypair
[13:13:25] [Server thread/INFO]: Starting Minecraft server on *:25565
[13:13:25] [Server thread/INFO]: Using epoll channel type
[13:13:25] [Server thread/INFO]: Paper: Using libdeflate (Linux x86_64) compression from Velocity.
[13:13:25] [Server thread/INFO]: Paper: Using OpenSSL 1.1.x (Linux x86_64) cipher from Velocity.
[13:13:26] [Server thread/INFO]: [Essentials] Loading server plugin Essentials v2.20.1
[13:13:26] [Server thread/INFO]: [ViaVersion] Loading server plugin ViaVersion v4.9.3-SNAPSHOT
[13:13:26] [Server thread/INFO]: [ViaVersion] ViaVersion 4.9.3-SNAPSHOT is now loaded. Registering protocol transformers and injecting...
[13:13:26] [Via-Mappingloader-0/INFO]: [ViaVersion] Loading block connection mappings ...
[13:13:27] [Via-Mappingloader-0/INFO]: [ViaVersion] Using FastUtil Long2ObjectOpenHashMap for block connections
[13:13:27] [Server thread/INFO]: [ViaBackwards] Loading translations...
[13:13:27] [Server thread/INFO]: [ViaBackwards] Registering protocols...
[13:13:27] [Server thread/INFO]: [AuthMe] Loading server plugin AuthMe v5.6.0-beta2-b2453
[13:13:27] [Server thread/INFO]: [ClearLag] Loading server plugin ClearLag v3.2.2
[13:13:27] [Server thread/INFO]: [LifeSteal-Smp-Plugin] Loading server plugin LifeSteal-Smp-Plugin v2.3.21
[13:13:27] [Server thread/INFO]: [ViaBackwards] Loading server plugin ViaBackwards v4.9.2-SNAPSHOT
[13:13:27] [Server thread/INFO]: [TreeAssist] Loading server plugin TreeAssist v7.3.51
[13:13:27] [Server thread/INFO]: [TreeAssist] Loading main config file: /config.yml
[13:13:27] [Server thread/WARN]: [TreeAssist] Invalid Material in TreeConfig default.yml - Node Natural Blocks entry invalid: minecraft:short_grass
[13:13:27] [Server thread/INFO]: [playit-gg] Loading server plugin playit-gg v0.1.4
[13:13:27] [Server thread/INFO]: [PowerRanks] Loading server plugin PowerRanks v1.10.9R2
[13:13:27] [Server thread/INFO]: [Geyser-Spigot] Loading server plugin Geyser-Spigot v2.2.3-SNAPSHOT
[13:13:28] [Server thread/INFO]: [Geyser-Spigot] Loading extensions...
[13:13:28] [Server thread/INFO]: [Geyser-Spigot] Loaded 0 extension(s)
[13:13:28] [Server thread/INFO]: Server permissions file permissions.yml is empty, ignoring it
[13:13:28] [Server thread/INFO]: [PowerRanks] Enabling PowerRanks v1.10.9R2
[13:13:28] [Server thread/INFO]: [PowerRanks] 
[13:13:28] [Server thread/INFO]: [PowerRanks] === ------- LOADING CONFIGURATION ------ ===
[13:13:28] [Server thread/INFO]: [PowerRanks] Loading config file
[13:13:28] [Server thread/INFO]: [PowerRanks] Loading language file
[13:13:28] [Server thread/INFO]: [PowerRanks] Loading usertags file
[13:13:28] [Server thread/INFO]: [PowerRanks] Loading tablist file
[13:13:28] [Server thread/INFO]: [PowerRanks] 
[13:13:28] [Server thread/INFO]: [PowerRanks] === ---------- LOADING ADDONS ---------- ===
[13:13:28] [Server thread/INFO]: [PowerRanks] Loaded 0 add-on(s)!
[13:13:28] [Server thread/INFO]: [PowerRanks] 
[13:13:28] [Server thread/INFO]: [PowerRanks] === ----------- LOADING DATA ----------- ===
[13:13:28] [Server thread/INFO]: [PowerRanks] Loading player & rank data
[13:13:29] [Server thread/INFO]: [PowerRanks] 
[13:13:29] [Server thread/INFO]: [PowerRanks] === ------- LOADING PLUGIN HOOKS ------- ===
[13:13:29] [Server thread/INFO]: [PowerRanks] Checking for plugins to hook in to:
[13:13:29] [Server thread/INFO]: [PowerRanks] No other plugins found! Working stand-alone.
[13:13:29] [Server thread/INFO]: [PowerRanks] 
[13:13:29] [Server thread/INFO]: [PowerRanks] §b  ██████  ██████ §a  PowerRanks v1.10.9R2
[13:13:29] [Server thread/INFO]: [PowerRanks] §b  ██   ██ ██   ██§a  Running on Paper v318
[13:13:29] [Server thread/INFO]: [PowerRanks] §b  ██████  ██████ §a  Startup time: 637ms
[13:13:29] [Server thread/INFO]: [PowerRanks] §b  ██      ██   ██§a  Loaded 7 ranks and 4 players (YAML) 
[13:13:29] [Server thread/INFO]: [PowerRanks] §b  ██      ██   ██§c  
[13:13:29] [Server thread/INFO]: [PowerRanks] 
[13:13:29] [Server thread/INFO]: [PowerRanks] If you'd like to donate, please visit https://ko-fi.com/svenar
[13:13:29] [Server thread/INFO]: [PowerRanks] Checking for updates...
[13:13:29] [Server thread/WARN]: **** SERVER IS RUNNING IN OFFLINE/INSECURE MODE!
[13:13:29] [Server thread/WARN]: The server will make no attempt to authenticate usernames. Beware.
[13:13:29] [Server thread/WARN]: While this makes the game possible to play without internet access, it also opens up the ability for hackers to connect with any username they choose.
[13:13:29] [Server thread/WARN]: To change this, set "online-mode" to "true" in the server.properties file.
[13:13:29] [Server thread/INFO]: Preparing level "world"
[13:13:29] [Server thread/INFO]: -------- World Settings For [world] --------
[13:13:29] [Server thread/INFO]: Zombie Aggressive Towards Villager: true
[13:13:29] [Server thread/INFO]: Allow Zombie Pigmen to spawn from portal blocks: true
[13:13:29] [Server thread/INFO]: View Distance: 10
[13:13:29] [Server thread/INFO]: Simulation Distance: 10
[13:13:29] [Server thread/INFO]: Item Merge Radius: 2.5
[13:13:29] [Server thread/INFO]: Experience Merge Radius: 3.0
[13:13:29] [Server thread/INFO]: Mob Spawn Range: 6
[13:13:29] [Server thread/INFO]: Item Despawn Rate: 6000
[13:13:29] [Server thread/INFO]: Arrow Despawn Rate: 1200 Trident Respawn Rate:1200
[13:13:29] [Server thread/INFO]: Nerfing mobs spawned from spawners: false
[13:13:29] [Server thread/INFO]: Cactus Growth Modifier: 100%
[13:13:29] [Server thread/INFO]: Cane Growth Modifier: 100%
[13:13:29] [Server thread/INFO]: Melon Growth Modifier: 100%
[13:13:29] [Server thread/INFO]: Mushroom Growth Modifier: 100%
[13:13:29] [Server thread/INFO]: Pumpkin Growth Modifier: 100%
[13:13:29] [Server thread/INFO]: Sapling Growth Modifier: 100%
[13:13:29] [Server thread/INFO]: Beetroot Growth Modifier: 100%
[13:13:29] [Server thread/INFO]: Carrot Growth Modifier: 100%
[13:13:29] [Server thread/INFO]: Potato Growth Modifier: 100%
[13:13:29] [Server thread/INFO]: TorchFlower Growth Modifier: 100%
[13:13:29] [Server thread/INFO]: Wheat Growth Modifier: 100%
[13:13:29] [Server thread/INFO]: NetherWart Growth Modifier: 100%
[13:13:29] [Server thread/INFO]: Vine Growth Modifier: 100%
[13:13:29] [Server thread/INFO]: Cocoa Growth Modifier: 100%
[13:13:29] [Server thread/INFO]: Bamboo Growth Modifier: 100%
[13:13:29] [Server thread/INFO]: SweetBerry Growth Modifier: 100%
[13:13:29] [Server thread/INFO]: Kelp Growth Modifier: 100%
[13:13:29] [Server thread/INFO]: TwistingVines Growth Modifier: 100%
[13:13:29] [Server thread/INFO]: WeepingVines Growth Modifier: 100%
[13:13:29] [Server thread/INFO]: CaveVines Growth Modifier: 100%
[13:13:29] [Server thread/INFO]: GlowBerry Growth Modifier: 100%
[13:13:29] [Server thread/INFO]: PitcherPlant Growth Modifier: 100%
[13:13:29] [Server thread/INFO]: Entity Activation Range: An 32 / Mo 32 / Ra 48 / Mi 16 / Tiv true / Isa false
[13:13:29] [Server thread/INFO]: Entity Tracking Range: Pl 48 / An 48 / Mo 48 / Mi 32 / Di 128 / Other 64
[13:13:29] [Server thread/INFO]: Hopper Transfer: 8 Hopper Check: 1 Hopper Amount: 1 Hopper Can Load Chunks: false
[13:13:29] [Server thread/INFO]: Custom Map Seeds:  Village: 10387312 Desert: 14357617 Igloo: 14357618 Jungle: 14357619 Swamp: 14357620 Monument: 10387313 Ocean: 14357621 Shipwreck: 165745295 End City: 10387313 Slime: 987234911 Nether: 30084232 Mansion: 10387319 Fossil: 14357921 Portal: 34222645
[13:13:29] [Server thread/INFO]: Max TNT Explosions: 100
[13:13:29] [Server thread/INFO]: Tile Max Tick Time: 50ms Entity max Tick Time: 50ms
[13:13:29] [Server thread/INFO]: -------- World Settings For [world_nether] --------
[13:13:29] [Server thread/INFO]: Zombie Aggressive Towards Villager: true
[13:13:29] [Server thread/INFO]: Allow Zombie Pigmen to spawn from portal blocks: true
[13:13:29] [Server thread/INFO]: View Distance: 10
[13:13:29] [Server thread/INFO]: Simulation Distance: 10
[13:13:29] [Server thread/INFO]: Item Merge Radius: 2.5
[13:13:29] [Server thread/INFO]: Experience Merge Radius: 3.0
[13:13:29] [Server thread/INFO]: Mob Spawn Range: 6
[13:13:29] [Server thread/INFO]: Item Despawn Rate: 6000
[13:13:29] [Server thread/INFO]: Arrow Despawn Rate: 1200 Trident Respawn Rate:1200
[13:13:29] [Server thread/INFO]: Nerfing mobs spawned from spawners: false
[13:13:29] [Server thread/INFO]: Cactus Growth Modifier: 100%
[13:13:29] [Server thread/INFO]: Cane Growth Modifier: 100%
[13:13:29] [Server thread/INFO]: Melon Growth Modifier: 100%
[13:13:29] [Server thread/INFO]: Mushroom Growth Modifier: 100%
[13:13:29] [Server thread/INFO]: Pumpkin Growth Modifier: 100%
[13:13:29] [Server thread/INFO]: Sapling Growth Modifier: 100%
[13:13:29] [Server thread/INFO]: Beetroot Growth Modifier: 100%
[13:13:29] [Server thread/INFO]: Carrot Growth Modifier: 100%
[13:13:29] [Server thread/INFO]: Potato Growth Modifier: 100%
[13:13:29] [Server thread/INFO]: TorchFlower Growth Modifier: 100%
[13:13:29] [Server thread/INFO]: Wheat Growth Modifier: 100%
[13:13:29] [Server thread/INFO]: NetherWart Growth Modifier: 100%
[13:13:29] [Server thread/INFO]: Vine Growth Modifier: 100%
[13:13:29] [Server thread/INFO]: Cocoa Growth Modifier: 100%
[13:13:29] [Server thread/INFO]: Bamboo Growth Modifier: 100%
[13:13:29] [Server thread/INFO]: SweetBerry Growth Modifier: 100%
[13:13:29] [Server thread/INFO]: Kelp Growth Modifier: 100%
[13:13:29] [Server thread/INFO]: TwistingVines Growth Modifier: 100%
[13:13:29] [Server thread/INFO]: WeepingVines Growth Modifier: 100%
[13:13:29] [Server thread/INFO]: CaveVines Growth Modifier: 100%
[13:13:29] [Server thread/INFO]: GlowBerry Growth Modifier: 100%
[13:13:29] [Server thread/INFO]: PitcherPlant Growth Modifier: 100%
[13:13:29] [Server thread/INFO]: Entity Activation Range: An 32 / Mo 32 / Ra 48 / Mi 16 / Tiv true / Isa false
[13:13:29] [Server thread/INFO]: Entity Tracking Range: Pl 48 / An 48 / Mo 48 / Mi 32 / Di 128 / Other 64
[13:13:29] [Server thread/INFO]: Hopper Transfer: 8 Hopper Check: 1 Hopper Amount: 1 Hopper Can Load Chunks: false
[13:13:29] [Server thread/INFO]: Custom Map Seeds:  Village: 10387312 Desert: 14357617 Igloo: 14357618 Jungle: 14357619 Swamp: 14357620 Monument: 10387313 Ocean: 14357621 Shipwreck: 165745295 End City: 10387313 Slime: 987234911 Nether: 30084232 Mansion: 10387319 Fossil: 14357921 Portal: 34222645
[13:13:29] [Server thread/INFO]: Max TNT Explosions: 100
[13:13:29] [Server thread/INFO]: Tile Max Tick Time: 50ms Entity max Tick Time: 50ms
[13:13:30] [Server thread/INFO]: -------- World Settings For [world_the_end] --------
[13:13:30] [Server thread/INFO]: Zombie Aggressive Towards Villager: true
[13:13:30] [Server thread/INFO]: Allow Zombie Pigmen to spawn from portal blocks: true
[13:13:30] [Server thread/INFO]: View Distance: 10
[13:13:30] [Server thread/INFO]: Simulation Distance: 10
[13:13:30] [Server thread/INFO]: Item Merge Radius: 2.5
[13:13:30] [Server thread/INFO]: Experience Merge Radius: 3.0
[13:13:30] [Server thread/INFO]: Mob Spawn Range: 6
[13:13:30] [Server thread/INFO]: Item Despawn Rate: 6000
[13:13:30] [Server thread/INFO]: Arrow Despawn Rate: 1200 Trident Respawn Rate:1200
[13:13:30] [Server thread/INFO]: Nerfing mobs spawned from spawners: false
[13:13:30] [Server thread/INFO]: Cactus Growth Modifier: 100%
[13:13:30] [Server thread/INFO]: Cane Growth Modifier: 100%
[13:13:30] [Server thread/INFO]: Melon Growth Modifier: 100%
[13:13:30] [Server thread/INFO]: Mushroom Growth Modifier: 100%
[13:13:30] [Server thread/INFO]: Pumpkin Growth Modifier: 100%
[13:13:30] [Server thread/INFO]: Sapling Growth Modifier: 100%
[13:13:30] [Server thread/INFO]: Beetroot Growth Modifier: 100%
[13:13:30] [Server thread/INFO]: Carrot Growth Modifier: 100%
[13:13:30] [Server thread/INFO]: Potato Growth Modifier: 100%
[13:13:30] [Server thread/INFO]: TorchFlower Growth Modifier: 100%
[13:13:30] [Server thread/INFO]: Wheat Growth Modifier: 100%
[13:13:30] [Server thread/INFO]: NetherWart Growth Modifier: 100%
[13:13:30] [Server thread/INFO]: Vine Growth Modifier: 100%
[13:13:30] [Server thread/INFO]: Cocoa Growth Modifier: 100%
[13:13:30] [Server thread/INFO]: Bamboo Growth Modifier: 100%
[13:13:30] [Server thread/INFO]: SweetBerry Growth Modifier: 100%
[13:13:30] [Server thread/INFO]: Kelp Growth Modifier: 100%
[13:13:30] [Server thread/INFO]: TwistingVines Growth Modifier: 100%
[13:13:30] [Server thread/INFO]: WeepingVines Growth Modifier: 100%
[13:13:30] [Server thread/INFO]: CaveVines Growth Modifier: 100%
[13:13:30] [Server thread/INFO]: GlowBerry Growth Modifier: 100%
[13:13:30] [Server thread/INFO]: PitcherPlant Growth Modifier: 100%
[13:13:30] [Server thread/INFO]: Entity Activation Range: An 32 / Mo 32 / Ra 48 / Mi 16 / Tiv true / Isa false
[13:13:30] [Server thread/INFO]: Entity Tracking Range: Pl 48 / An 48 / Mo 48 / Mi 32 / Di 128 / Other 64
[13:13:30] [Server thread/INFO]: Hopper Transfer: 8 Hopper Check: 1 Hopper Amount: 1 Hopper Can Load Chunks: false
[13:13:30] [Server thread/INFO]: Custom Map Seeds:  Village: 10387312 Desert: 14357617 Igloo: 14357618 Jungle: 14357619 Swamp: 14357620 Monument: 10387313 Ocean: 14357621 Shipwreck: 165745295 End City: 10387313 Slime: 987234911 Nether: 30084232 Mansion: 10387319 Fossil: 14357921 Portal: 34222645
[13:13:30] [Server thread/INFO]: Max TNT Explosions: 100
[13:13:30] [Server thread/INFO]: Tile Max Tick Time: 50ms Entity max Tick Time: 50ms
[13:13:30] [Server thread/INFO]: Preparing start region for dimension minecraft:overworld
[13:13:30] [Server thread/INFO]: Time elapsed: 274 ms
[13:13:30] [Server thread/INFO]: Preparing start region for dimension minecraft:the_nether
[13:13:30] [Server thread/INFO]: Time elapsed: 125 ms
[13:13:30] [Server thread/INFO]: Preparing start region for dimension minecraft:the_end
[13:13:30] [Server thread/INFO]: Time elapsed: 89 ms
[13:13:30] [Server thread/INFO]: [Essentials] Enabling Essentials v2.20.1
[13:13:30] [Server thread/ERROR]: [Essentials] You are running an unsupported server version!
[13:13:31] [Server thread/INFO]: [Essentials] Attempting to convert old kits in config.yml to new kits.yml
[13:13:31] [Server thread/INFO]: [Essentials] No kits found to migrate.
[13:13:31] [Server thread/INFO]: [Essentials] Loaded 39094 items from items.json.
[13:13:31] [Server thread/INFO]: [Essentials] Using locale en
[13:13:31] [Server thread/INFO]: [Essentials] ServerListPingEvent: Spigot iterator API
[13:13:32] [Server thread/INFO]: [Essentials] Starting Metrics. Opt-out using the global bStats config.
[13:13:32] [Server thread/INFO]: [Essentials] Using superperms-based permissions.
[13:13:32] [Server thread/INFO]: [ViaVersion] Enabling ViaVersion v4.9.3-SNAPSHOT
[13:13:32] [Server thread/INFO]: [ViaVersion] ViaVersion detected server version: 1.20.2 (764)
[13:13:32] [Server thread/INFO]: [AuthMe] Enabling AuthMe v5.6.0-beta2-b2453
[13:13:33] [Server thread/INFO]: [AuthMe] SQLite Setup finished
[13:13:33] [Server thread/INFO]: [AuthMe] No supported permissions system found! Permissions are disabled!
[13:13:33] [Server thread/INFO]: [AuthMe] Hooked successfully into Essentials
[13:13:33] [Server thread/INFO]: [AuthMe] Essentials spawn file not found: '/workspaces/minecraft-own-cloud-host-github/plugins/Essentials/spawn.yml'
[13:13:33] [Server thread/WARN]: [AuthMe] WARNING! The protectInventory feature requires ProtocolLib! Disabling it...
[13:13:33] [Server thread/INFO]: [AuthMe] AuthMe 5.6.0-beta2 build n.2453 successfully enabled!
[13:13:33] [Server thread/INFO]: [ClearLag] Enabling ClearLag v3.2.2
[13:13:34] [Server thread/INFO]: [ClearLag] Using version-adapter: LatestVersionAdapter
[13:13:34] [Server thread/INFO]: [ClearLag] Loading modules...
[13:13:34] [Server thread/WARN]: [ClearLag] Clearlag failed to use the internal TPS tracker during initialization. Reverted to estimation... (net.minecraft.server.v1_20_R2.MinecraftServer)
[13:13:34] [Server thread/INFO]: [ClearLag] Modules enabed, loading config values
[13:13:34] [Server thread/INFO]: [ClearLag] Modules have been loaded!
[13:13:34] [Server thread/INFO]: [ClearLag] Clearlag is now enabled!
[13:13:34] [Server thread/INFO]: [LifeSteal-Smp-Plugin] Enabling LifeSteal-Smp-Plugin v2.3.21
[13:13:34] [Thread-9/INFO]: [ClearLag] Checking for updates compatible with your bukkit version [1.20]...
[13:13:34] [Thread-9/INFO]: [ClearLag] No updates found!
[13:13:35] [Server thread/INFO]: [ViaBackwards] Enabling ViaBackwards v4.9.2-SNAPSHOT
[13:13:35] [Server thread/INFO]: [TreeAssist] Enabling TreeAssist v7.3.51
[13:13:35] [Server thread/INFO]: [TreeAssist] sending full Metrics! You can deactivate this in the config.yml
[13:13:35] [Server thread/INFO]: [TreeAssist] debugging: off
[13:13:35] [Server thread/INFO]: [playit-gg] Enabling playit-gg v0.1.4
[13:13:35] [Thread-10/INFO]: [TreeAssist] Checking for updates...
[13:13:36] [Server thread/INFO]: [Geyser-Spigot] Enabling Geyser-Spigot v2.2.3-SNAPSHOT
[13:13:36] [Thread-11/INFO]: [gg.playit.minecraft.PlayitKeysSetup] secret key found, checking
[13:13:36] [Thread-11/INFO]: [gg.playit.minecraft.PlayitKeysSetup] check secret
[13:13:36] [Server thread/INFO]: [Geyser-Spigot] ******************************************
[13:13:36] [Server thread/INFO]: [Geyser-Spigot] 
[13:13:36] [Server thread/INFO]: [Geyser-Spigot] Loading Geyser version 2.2.3-SNAPSHOT (git-master-3d9f3ac)
[13:13:36] [Server thread/INFO]: [Geyser-Spigot] 
[13:13:36] [Server thread/INFO]: [Geyser-Spigot] ******************************************
[13:13:36] [Thread-11/INFO]: [gg.playit.minecraft.PlayitKeysSetup] found minecraft java tunnel: work-mtv.joinmc.link
[13:13:36] [Thread-11/INFO]: [gg.playit.minecraft.PlayitManager] keys and tunnel setup
[13:13:36] [Thread-11/INFO]: playit.gg: tunnel setup
[13:13:36] [Thread-11/INFO]: playit.gg: work-mtv.joinmc.link
[13:13:36] [Thread-11/WARN]: [gg.playit.control.ChannelSetup] Got IO error working with :control.playit.gg/2602:fbaf:830:0:0:0:0:1, error : java.net.SocketException: Network is unreachable
[13:13:37] [Thread-11/INFO]: [gg.playit.control.ChannelSetup] request queued, waiting 1 second before resend
[13:13:40] [epollEventLoopGroup-4-1/INFO]: [Geyser-Spigot] Started Geyser on 0.0.0.0:19132
[13:13:40] [Server thread/INFO]: [Geyser-Spigot] Done (4.055s)! Run /geyser help for help!
[13:13:40] [Server thread/INFO]: Running delayed init tasks
[13:13:40] [Craft Scheduler Thread - 3 - Essentials/INFO]: [Essentials] Fetching version information...
[13:13:40] [Server thread/INFO]: Done (16.665s)! For help, type "help"
[13:13:40] [Server thread/INFO]: Timings Reset
[13:13:40] [Craft Scheduler Thread - 1 - ViaVersion/INFO]: [ViaVersion] Finished mapping loading, shutting down loader executor!
[13:13:40] [Craft Scheduler Thread - 4 - AuthMe/INFO]: [AuthMe] Downloading GEO IP database, because the old database is older than 30 days or doesn't exist
[13:13:40] [Craft Scheduler Thread - 4 - AuthMe/WARN]: [AuthMe] No MaxMind credentials found in the configuration file! GeoIp protections will be disabled.
[13:13:40] [Craft Scheduler Thread - 4 - AuthMe/INFO]: [AuthMe] There is no newer GEO IP database uploaded to MaxMind. Using the old one for now.
[13:13:40] [Craft Scheduler Thread - 4 - AuthMe/WARN]: [AuthMe] Could not download GeoLiteAPI database [FileNotFoundException]: plugins/AuthMe/GeoLite2-Country.mmdb (No such file or directory)
[13:13:40] [Server thread/WARN]: [ViaVersion] There is a newer plugin version available: 4.9.3, you're on: 4.9.3-SNAPSHOT
[13:17:38] [Thread-11/INFO]: [gg.playit.control.ChannelSetup] send keep alive
